<?xml version="1.0" encoding="UTF-8"?>
<testng-results skipped="0" failed="0" ignored="0" total="0" passed="0">
  <reporter-output>
  </reporter-output>
  <suite name="Testing Google Apps" duration-ms="11" started-at="2020-03-30T00:37:42Z" finished-at="2020-03-30T00:37:42Z">
    <groups>
    </groups>
    <test name="Regression" duration-ms="11" started-at="2020-03-30T00:37:42Z" finished-at="2020-03-30T00:37:42Z">
    </test> <!-- Regression -->
  </suite> <!-- Testing Google Apps -->
</testng-results>
